
> app@0.1.0 start /root/mars/fe/app
> react-scripts start

Starting the development server...

Compiled with warnings.

./src/Cards.js
  Line 1:   'Component' is defined but never used                                                                      no-unused-vars
  Line 2:   'WhiteSpace' is defined but never used                                                                     no-unused-vars
  Line 4:   'genData' is defined but never used                                                                        no-unused-vars
  Line 34:  img elements must have an alt prop, either with meaningful text, or an empty string for decorative images  jsx-a11y/alt-text
  Line 75:  img elements must have an alt prop, either with meaningful text, or an empty string for decorative images  jsx-a11y/alt-text

./src/ImagePicker.js
  Line 1:  'WingBlank' is defined but never used         no-unused-vars
  Line 1:  'SegmentedControl' is defined but never used  no-unused-vars
  Line 2:  'Component' is defined but never used         no-unused-vars

./src/My.js
  Line 2:   'Component' is defined but never used                                                                      no-unused-vars
  Line 26:  img elements must have an alt prop, either with meaningful text, or an empty string for decorative images  jsx-a11y/alt-text

./src/Foodbar.js
  Line 2:   'Component' is defined but never used           no-unused-vars
  Line 4:   'Router' is defined but never used              no-unused-vars
  Line 6:    'data' is assigned a value but never used       no-unused-vars
  Line 23:   'NUM_ROWS' is assigned a value but never used   no-unused-vars
  Line 24:   'pageIndex' is assigned a value but never used  no-unused-vars
  Line 26:  'genData' is defined but never used             no-unused-vars

./src/Header.js
  Line 2:  'Component' is defined but never used                                                                      no-unused-vars
  Line 53:  img elements must have an alt prop, either with meaningful text, or an empty string for decorative images  jsx-a11y/alt-text

./src/Card.js
  Line 2:  'Component' is defined but never used                                                                      no-unused-vars
  Line 5:   'data' is assigned a value but never used                                                                  no-unused-vars
  Line 22:  'NUM_ROWS' is assigned a value but never used                                                              no-unused-vars
  Line 23:  'pageIndex' is assigned a value but never used                                                             no-unused-vars
  Line 30:  img elements must have an alt prop, either with meaningful text, or an empty string for decorative images  jsx-a11y/alt-text

./src/Home.js
  Line 2:  'Component' is defined but never used   no-unused-vars
  Line 3:  'WhiteSpace' is defined but never used  no-unused-vars

./src/Navhead.js
  Line 2:  'Component' is defined but never used  no-unused-vars

./src/List.js
  Line 2:  'Component' is defined but never used  no-unused-vars

./src/Issue.js
  Line 2:  'Component' is defined but never used  no-unused-vars
  Line 3:  'ListView' is defined but never used   no-unused-vars

./src/Login.js
  Line 62:  Expected '!==' and instead saw '!='  eqeqeq

./src/Register.js
  Line 63:  Expected '!==' and instead saw '!='  eqeqeq

Search for the keywords to learn more about each warning.
To ignore, add // eslint-disable-next-line to the line before.


> app@0.1.0 start /root/mars/fe/app
> react-scripts start

Starting the development server...

Compiled with warnings.

./src/Cards.js
  Line 1:   'Component' is defined but never used                                                                      no-unused-vars
  Line 2:   'WhiteSpace' is defined but never used                                                                     no-unused-vars
  Line 4:   'genData' is defined but never used                                                                        no-unused-vars
  Line 34:  img elements must have an alt prop, either with meaningful text, or an empty string for decorative images  jsx-a11y/alt-text
  Line 75:  img elements must have an alt prop, either with meaningful text, or an empty string for decorative images  jsx-a11y/alt-text

./src/ImagePicker.js
  Line 1:  'WingBlank' is defined but never used         no-unused-vars
  Line 1:  'SegmentedControl' is defined but never used  no-unused-vars
  Line 2:  'Component' is defined but never used         no-unused-vars

./src/My.js
  Line 2:   'Component' is defined but never used                                                                      no-unused-vars
  Line 26:  img elements must have an alt prop, either with meaningful text, or an empty string for decorative images  jsx-a11y/alt-text

./src/Foodbar.js
  Line 2:   'Component' is defined but never used           no-unused-vars
  Line 4:   'Router' is defined but never used              no-unused-vars
  Line 6:    'data' is assigned a value but never used       no-unused-vars
  Line 23:   'NUM_ROWS' is assigned a value but never used   no-unused-vars
  Line 24:   'pageIndex' is assigned a value but never used  no-unused-vars
  Line 26:  'genData' is defined but never used             no-unused-vars

./src/Header.js
  Line 2:  'Component' is defined but never used                                                                      no-unused-vars
  Line 53:  img elements must have an alt prop, either with meaningful text, or an empty string for decorative images  jsx-a11y/alt-text

./src/Card.js
  Line 2:  'Component' is defined but never used                                                                      no-unused-vars
  Line 5:   'data' is assigned a value but never used                                                                  no-unused-vars
  Line 22:  'NUM_ROWS' is assigned a value but never used                                                              no-unused-vars
  Line 23:  'pageIndex' is assigned a value but never used                                                             no-unused-vars
  Line 30:  img elements must have an alt prop, either with meaningful text, or an empty string for decorative images  jsx-a11y/alt-text

./src/Home.js
  Line 2:  'Component' is defined but never used   no-unused-vars
  Line 3:  'WhiteSpace' is defined but never used  no-unused-vars

./src/Navhead.js
  Line 2:  'Component' is defined but never used  no-unused-vars

./src/List.js
  Line 2:  'Component' is defined but never used  no-unused-vars

./src/Issue.js
  Line 2:  'Component' is defined but never used  no-unused-vars
  Line 3:  'ListView' is defined but never used   no-unused-vars

./src/Login.js
  Line 62:  Expected '!==' and instead saw '!='  eqeqeq

./src/Register.js
  Line 63:  Expected '!==' and instead saw '!='  eqeqeq

Search for the keywords to learn more about each warning.
To ignore, add // eslint-disable-next-line to the line before.

